FINDSYM, Version 4.2, June 2014
Written by Harold T. Stokes, Branton J. Campbell, and Dorian M. Hatch
Brigham Young University
 
FINDSYM input for N5Ti2Zn6
Tolerance:    0.00100
Lattice parameters, a,b,c,alpha,beta,gamma:
   5.81259   5.81259  10.04292  90.00000  90.00000  90.00000
Centering: P
Number of atoms in unit cell:
 26
Type of each atom:
4*1 12*2 10*3 
Position of each atom (dimensionless coordinates)
   1   0.76555   0.23445   0.00000
   2   0.73445   0.73445   0.50000
   3   0.23445   0.76555   0.00000
   4   0.26555   0.26555   0.50000
   5   0.00000   0.00000   0.22355
   6   0.00000   0.00000   0.77645
   7   0.50000   0.50000   0.27645
   8   0.50000   0.50000   0.72355
   9   0.50000   0.00000   0.25000
  10   0.50000   0.00000   0.75000
  11   0.00000   0.50000   0.25000
  12   0.00000   0.50000   0.75000
  13   0.28210   0.28210   0.00000
  14   0.78210   0.21790   0.50000
  15   0.21790   0.78210   0.50000
  16   0.71790   0.71790   0.00000
  17   0.21524   0.21524   0.31138
  18   0.21524   0.21524   0.68862
  19   0.71524   0.28476   0.18862
  20   0.28476   0.71524   0.18862
  21   0.78476   0.78476   0.68862
  22   0.28476   0.71524   0.81138
  23   0.71524   0.28476   0.81138
  24   0.78476   0.78476   0.31138
  25   0.00000   0.00000   0.00000
  26   0.50000   0.50000   0.50000
------------------------------------------
